actions/order-actions.ts(68,53): error TS2339: Property 'errors' does not exist on type 'ZodError<unknown>'.
app/admin/page.tsx(229,136): error TS2304: Cannot find name 'Users'.
